{"C:\\Users\\akita\\Dev\\gov-tech-challenge\\govtech-web-developer-assignment\\src\\components\\Button.tsx": {"path":"C:\\Users\\akita\\Dev\\gov-tech-challenge\\govtech-web-developer-assignment\\src\\components\\Button.tsx","statementMap":{"0":{"start":{"line":5,"column":0},"end":{"line":5,"column":24}},"1":{"start":{"line":6,"column":2},"end":{"line":10,"column":4}}},"fnMap":{"0":{"name":"Button","decl":{"start":{"line":5,"column":24},"end":{"line":5,"column":30}},"loc":{"start":{"line":5,"column":49},"end":{"line":11,"column":1}}}},"branchMap":{},"s":{"0":1,"1":24},"f":{"0":24},"b":{}}
,"C:\\Users\\akita\\Dev\\gov-tech-challenge\\govtech-web-developer-assignment\\src\\components\\Input.tsx": {"path":"C:\\Users\\akita\\Dev\\gov-tech-challenge\\govtech-web-developer-assignment\\src\\components\\Input.tsx","statementMap":{"0":{"start":{"line":1,"column":0},"end":{"line":1,"column":35}},"1":{"start":{"line":11,"column":14},"end":{"line":22,"column":2}},"2":{"start":{"line":12,"column":2},"end":{"line":21,"column":4}},"3":{"start":{"line":24,"column":0},"end":{"line":24,"column":21}}},"fnMap":{"0":{"name":"Input","decl":{"start":{"line":11,"column":34},"end":{"line":11,"column":39}},"loc":{"start":{"line":11,"column":97},"end":{"line":22,"column":1}}}},"branchMap":{"0":{"loc":{"start":{"line":14,"column":7},"end":{"line":14,"column":50}},"type":"binary-expr","locations":[{"start":{"line":14,"column":7},"end":{"line":14,"column":18}},{"start":{"line":14,"column":22},"end":{"line":14,"column":50}}]}},"s":{"0":1,"1":1,"2":24,"3":1},"f":{"0":24},"b":{"0":[24,0]}}
,"C:\\Users\\akita\\Dev\\gov-tech-challenge\\govtech-web-developer-assignment\\src\\features\\search\\api\\getSearchResult.ts": {"path":"C:\\Users\\akita\\Dev\\gov-tech-challenge\\govtech-web-developer-assignment\\src\\features\\search\\api\\getSearchResult.ts","statementMap":{"0":{"start":{"line":10,"column":0},"end":{"line":10,"column":22}},"1":{"start":{"line":38,"column":0},"end":{"line":38,"column":24}},"2":{"start":{"line":1,"column":0},"end":{"line":1,"column":86}},"3":{"start":{"line":3,"column":0},"end":{"line":3,"column":44}},"4":{"start":{"line":4,"column":0},"end":{"line":4,"column":44}},"5":{"start":{"line":5,"column":0},"end":{"line":5,"column":52}},"6":{"start":{"line":8,"column":29},"end":{"line":8,"column":53}},"7":{"start":{"line":13,"column":2},"end":{"line":35,"column":3}},"8":{"start":{"line":14,"column":21},"end":{"line":14,"column":54}},"9":{"start":{"line":16,"column":4},"end":{"line":22,"column":5}},"10":{"start":{"line":17,"column":6},"end":{"line":20,"column":8}},"11":{"start":{"line":24,"column":36},"end":{"line":24,"column":57}},"12":{"start":{"line":25,"column":4},"end":{"line":28,"column":6}},"13":{"start":{"line":30,"column":4},"end":{"line":33,"column":6}},"14":{"start":{"line":39,"column":26},"end":{"line":39,"column":66}},"15":{"start":{"line":40,"column":32},"end":{"line":40,"column":47}},"16":{"start":{"line":41,"column":42},"end":{"line":41,"column":52}},"17":{"start":{"line":43,"column":2},"end":{"line":62,"column":43}},"18":{"start":{"line":44,"column":4},"end":{"line":48,"column":5}},"19":{"start":{"line":45,"column":6},"end":{"line":45,"column":20}},"20":{"start":{"line":46,"column":6},"end":{"line":46,"column":19}},"21":{"start":{"line":47,"column":6},"end":{"line":47,"column":13}},"22":{"start":{"line":50,"column":20},"end":{"line":60,"column":6}},"23":{"start":{"line":50,"column":31},"end":{"line":60,"column":6}},"24":{"start":{"line":51,"column":6},"end":{"line":51,"column":23}},"25":{"start":{"line":52,"column":30},"end":{"line":52,"column":65}},"26":{"start":{"line":54,"column":6},"end":{"line":58,"column":7}},"27":{"start":{"line":55,"column":8},"end":{"line":55,"column":24}},"28":{"start":{"line":57,"column":8},"end":{"line":57,"column":22}},"29":{"start":{"line":59,"column":6},"end":{"line":59,"column":24}},"30":{"start":{"line":61,"column":4},"end":{"line":61,"column":14}},"31":{"start":{"line":64,"column":2},"end":{"line":64,"column":34}}},"fnMap":{"0":{"name":"useSearchFetch","decl":{"start":{"line":38,"column":24},"end":{"line":38,"column":38}},"loc":{"start":{"line":38,"column":59},"end":{"line":65,"column":1}}},"1":{"name":"(anonymous_10)","decl":{"start":{"line":43,"column":12},"end":{"line":43,"column":15}},"loc":{"start":{"line":43,"column":17},"end":{"line":62,"column":3}}},"2":{"name":"(anonymous_11)","decl":{"start":{"line":50,"column":20},"end":{"line":50,"column":29}},"loc":{"start":{"line":50,"column":31},"end":{"line":60,"column":6}}},"3":{"name":"(anonymous_12)","decl":{"start":{"line":50,"column":31},"end":{"line":50,"column":null}},"loc":{"start":{"line":50,"column":31},"end":{"line":60,"column":5}}}},"branchMap":{"0":{"loc":{"start":{"line":16,"column":4},"end":{"line":22,"column":5}},"type":"if","locations":[{"start":{"line":16,"column":4},"end":{"line":22,"column":5}}]},"1":{"loc":{"start":{"line":44,"column":4},"end":{"line":48,"column":5}},"type":"if","locations":[{"start":{"line":44,"column":4},"end":{"line":48,"column":5}}]},"2":{"loc":{"start":{"line":54,"column":6},"end":{"line":58,"column":7}},"type":"if","locations":[{"start":{"line":54,"column":6},"end":{"line":58,"column":7}},{"start":{"line":56,"column":13},"end":{"line":58,"column":7}}]}},"s":{"0":1,"1":1,"2":1,"3":1,"4":1,"5":1,"6":1,"7":5,"8":5,"9":4,"10":2,"11":2,"12":2,"13":1,"14":7,"15":7,"16":7,"17":7,"18":3,"19":1,"20":1,"21":1,"22":2,"23":2,"24":2,"25":2,"26":2,"27":1,"28":1,"29":2,"30":2,"31":7},"f":{"0":7,"1":3,"2":2,"3":2},"b":{"0":[2],"1":[1],"2":[1,1]}}
,"C:\\Users\\akita\\Dev\\gov-tech-challenge\\govtech-web-developer-assignment\\src\\features\\search\\api\\getSuggestions.ts": {"path":"C:\\Users\\akita\\Dev\\gov-tech-challenge\\govtech-web-developer-assignment\\src\\features\\search\\api\\getSuggestions.ts","statementMap":{"0":{"start":{"line":11,"column":0},"end":{"line":11,"column":22}},"1":{"start":{"line":42,"column":0},"end":{"line":42,"column":24}},"2":{"start":{"line":1,"column":0},"end":{"line":1,"column":82}},"3":{"start":{"line":3,"column":0},"end":{"line":3,"column":44}},"4":{"start":{"line":4,"column":0},"end":{"line":4,"column":44}},"5":{"start":{"line":5,"column":0},"end":{"line":5,"column":56}},"6":{"start":{"line":9,"column":27},"end":{"line":9,"column":49}},"7":{"start":{"line":14,"column":2},"end":{"line":39,"column":3}},"8":{"start":{"line":15,"column":21},"end":{"line":15,"column":52}},"9":{"start":{"line":17,"column":4},"end":{"line":23,"column":5}},"10":{"start":{"line":18,"column":6},"end":{"line":21,"column":8}},"11":{"start":{"line":25,"column":38},"end":{"line":25,"column":59}},"12":{"start":{"line":27,"column":4},"end":{"line":32,"column":6}},"13":{"start":{"line":29,"column":8},"end":{"line":29,"column":54}},"14":{"start":{"line":34,"column":4},"end":{"line":37,"column":6}},"15":{"start":{"line":43,"column":48},"end":{"line":43,"column":70}},"16":{"start":{"line":45,"column":26},"end":{"line":45,"column":57}},"17":{"start":{"line":46,"column":32},"end":{"line":46,"column":47}},"18":{"start":{"line":47,"column":42},"end":{"line":47,"column":52}},"19":{"start":{"line":49,"column":2},"end":{"line":55,"column":21}},"20":{"start":{"line":50,"column":20},"end":{"line":52,"column":11}},"21":{"start":{"line":51,"column":6},"end":{"line":51,"column":39}},"22":{"start":{"line":54,"column":4},"end":{"line":54,"column":39}},"23":{"start":{"line":54,"column":17},"end":{"line":54,"column":38}},"24":{"start":{"line":57,"column":2},"end":{"line":75,"column":46}},"25":{"start":{"line":58,"column":4},"end":{"line":61,"column":5}},"26":{"start":{"line":59,"column":6},"end":{"line":59,"column":20}},"27":{"start":{"line":60,"column":6},"end":{"line":60,"column":13}},"28":{"start":{"line":63,"column":20},"end":{"line":73,"column":6}},"29":{"start":{"line":63,"column":31},"end":{"line":73,"column":6}},"30":{"start":{"line":64,"column":6},"end":{"line":64,"column":23}},"31":{"start":{"line":65,"column":30},"end":{"line":65,"column":67}},"32":{"start":{"line":67,"column":6},"end":{"line":71,"column":7}},"33":{"start":{"line":68,"column":8},"end":{"line":68,"column":24}},"34":{"start":{"line":70,"column":8},"end":{"line":70,"column":67}},"35":{"start":{"line":72,"column":6},"end":{"line":72,"column":24}},"36":{"start":{"line":74,"column":4},"end":{"line":74,"column":14}},"37":{"start":{"line":77,"column":2},"end":{"line":77,"column":34}}},"fnMap":{"0":{"name":"getSuggestions","decl":{"start":{"line":11,"column":22},"end":{"line":11,"column":36}},"loc":{"start":{"line":12,"column":22},"end":{"line":40,"column":null}}},"1":{"name":"(anonymous_9)","decl":{"start":{"line":28,"column":36},"end":{"line":28,"column":37}},"loc":{"start":{"line":29,"column":8},"end":{"line":29,"column":54}}},"2":{"name":"useTypeaheadFetch","decl":{"start":{"line":42,"column":24},"end":{"line":42,"column":41}},"loc":{"start":{"line":42,"column":62},"end":{"line":78,"column":1}}},"3":{"name":"(anonymous_11)","decl":{"start":{"line":49,"column":12},"end":{"line":49,"column":15}},"loc":{"start":{"line":49,"column":17},"end":{"line":55,"column":3}}},"4":{"name":"(anonymous_12)","decl":{"start":{"line":50,"column":31},"end":{"line":50,"column":34}},"loc":{"start":{"line":50,"column":36},"end":{"line":52,"column":5}}},"5":{"name":"(anonymous_13)","decl":{"start":{"line":54,"column":11},"end":{"line":54,"column":14}},"loc":{"start":{"line":54,"column":17},"end":{"line":54,"column":38}}},"6":{"name":"(anonymous_14)","decl":{"start":{"line":57,"column":12},"end":{"line":57,"column":15}},"loc":{"start":{"line":57,"column":17},"end":{"line":75,"column":3}}},"7":{"name":"(anonymous_15)","decl":{"start":{"line":63,"column":20},"end":{"line":63,"column":29}},"loc":{"start":{"line":63,"column":31},"end":{"line":73,"column":6}}},"8":{"name":"(anonymous_16)","decl":{"start":{"line":63,"column":31},"end":{"line":63,"column":null}},"loc":{"start":{"line":63,"column":31},"end":{"line":73,"column":5}}}},"branchMap":{"0":{"loc":{"start":{"line":17,"column":4},"end":{"line":23,"column":5}},"type":"if","locations":[{"start":{"line":17,"column":4},"end":{"line":23,"column":5}}]},"1":{"loc":{"start":{"line":58,"column":4},"end":{"line":61,"column":5}},"type":"if","locations":[{"start":{"line":58,"column":4},"end":{"line":61,"column":5}}]},"2":{"loc":{"start":{"line":58,"column":8},"end":{"line":58,"column":55}},"type":"binary-expr","locations":[{"start":{"line":58,"column":8},"end":{"line":58,"column":24}},{"start":{"line":58,"column":28},"end":{"line":58,"column":55}}]},"3":{"loc":{"start":{"line":67,"column":6},"end":{"line":71,"column":7}},"type":"if","locations":[{"start":{"line":67,"column":6},"end":{"line":71,"column":7}},{"start":{"line":69,"column":13},"end":{"line":71,"column":7}}]},"4":{"loc":{"start":{"line":70,"column":16},"end":{"line":70,"column":65}},"type":"cond-expr","locations":[{"start":{"line":70,"column":42},"end":{"line":70,"column":58}},{"start":{"line":70,"column":61},"end":{"line":70,"column":65}}]},"5":{"loc":{"start":{"line":70,"column":16},"end":{"line":70,"column":39}},"type":"binary-expr","locations":[{"start":{"line":70,"column":16},"end":{"line":70,"column":20}},{"start":{"line":70,"column":24},"end":{"line":70,"column":39}}]}},"s":{"0":1,"1":1,"2":1,"3":1,"4":1,"5":1,"6":1,"7":6,"8":6,"9":4,"10":2,"11":2,"12":2,"13":7,"14":2,"15":10,"16":10,"17":10,"18":10,"19":10,"20":4,"21":0,"22":4,"23":4,"24":10,"25":4,"26":1,"27":1,"28":3,"29":3,"30":3,"31":3,"32":3,"33":2,"34":1,"35":3,"36":3,"37":10},"f":{"0":6,"1":7,"2":10,"3":4,"4":0,"5":4,"6":4,"7":3,"8":3},"b":{"0":[2],"1":[1],"2":[4,4],"3":[2,1],"4":[0,1],"5":[1,1]}}
,"C:\\Users\\akita\\Dev\\gov-tech-challenge\\govtech-web-developer-assignment\\src\\features\\search\\components\\SearchIcon.tsx": {"path":"C:\\Users\\akita\\Dev\\gov-tech-challenge\\govtech-web-developer-assignment\\src\\features\\search\\components\\SearchIcon.tsx","statementMap":{"0":{"start":{"line":2,"column":2},"end":{"line":17,"column":4}},"1":{"start":{"line":20,"column":0},"end":{"line":20,"column":26}}},"fnMap":{"0":{"name":"SearchIcon","decl":{"start":{"line":1,"column":9},"end":{"line":1,"column":19}},"loc":{"start":{"line":1,"column":19},"end":{"line":18,"column":1}}}},"branchMap":{},"s":{"0":24,"1":1},"f":{"0":24},"b":{}}
,"C:\\Users\\akita\\Dev\\gov-tech-challenge\\govtech-web-developer-assignment\\src\\features\\search\\components\\SearchInput.tsx": {"path":"C:\\Users\\akita\\Dev\\gov-tech-challenge\\govtech-web-developer-assignment\\src\\features\\search\\components\\SearchInput.tsx","statementMap":{"0":{"start":{"line":25,"column":0},"end":{"line":25,"column":24}},"1":{"start":{"line":1,"column":0},"end":{"line":1,"column":52}},"2":{"start":{"line":2,"column":0},"end":{"line":2,"column":40}},"3":{"start":{"line":3,"column":0},"end":{"line":3,"column":38}},"4":{"start":{"line":4,"column":0},"end":{"line":4,"column":54}},"5":{"start":{"line":5,"column":0},"end":{"line":5,"column":38}},"6":{"start":{"line":12,"column":21},"end":{"line":12,"column":75}},"7":{"start":{"line":13,"column":2},"end":{"line":13,"column":46}},"8":{"start":{"line":13,"column":25},"end":{"line":13,"column":46}},"9":{"start":{"line":15,"column":19},"end":{"line":15,"column":51}},"10":{"start":{"line":16,"column":2},"end":{"line":22,"column":4}},"11":{"start":{"line":26,"column":23},"end":{"line":26,"column":28}},"12":{"start":{"line":28,"column":42},"end":{"line":28,"column":54}},"13":{"start":{"line":29,"column":48},"end":{"line":29,"column":60}},"14":{"start":{"line":31,"column":32},"end":{"line":31,"column":63}},"15":{"start":{"line":33,"column":27},"end":{"line":33,"column":64}},"16":{"start":{"line":34,"column":20},"end":{"line":34,"column":57}},"17":{"start":{"line":36,"column":2},"end":{"line":39,"column":9}},"18":{"start":{"line":38,"column":4},"end":{"line":38,"column":31}},"19":{"start":{"line":41,"column":2},"end":{"line":46,"column":20}},"20":{"start":{"line":42,"column":4},"end":{"line":44,"column":5}},"21":{"start":{"line":43,"column":6},"end":{"line":43,"column":54}},"22":{"start":{"line":48,"column":28},"end":{"line":52,"column":3}},"23":{"start":{"line":49,"column":4},"end":{"line":49,"column":68}},"24":{"start":{"line":49,"column":27},"end":{"line":49,"column":68}},"25":{"start":{"line":51,"column":4},"end":{"line":51,"column":36}},"26":{"start":{"line":54,"column":32},"end":{"line":61,"column":3}},"27":{"start":{"line":55,"column":4},"end":{"line":55,"column":64}},"28":{"start":{"line":55,"column":27},"end":{"line":55,"column":64}},"29":{"start":{"line":56,"column":4},"end":{"line":56,"column":82}},"30":{"start":{"line":56,"column":34},"end":{"line":56,"column":82}},"31":{"start":{"line":57,"column":4},"end":{"line":57,"column":24}},"32":{"start":{"line":60,"column":4},"end":{"line":60,"column":25}},"33":{"start":{"line":63,"column":27},"end":{"line":70,"column":3}},"34":{"start":{"line":64,"column":4},"end":{"line":64,"column":24}},"35":{"start":{"line":65,"column":4},"end":{"line":65,"column":82}},"36":{"start":{"line":65,"column":34},"end":{"line":65,"column":82}},"37":{"start":{"line":66,"column":4},"end":{"line":69,"column":5}},"38":{"start":{"line":67,"column":6},"end":{"line":67,"column":32}},"39":{"start":{"line":68,"column":6},"end":{"line":68,"column":35}},"40":{"start":{"line":73,"column":24},"end":{"line":110,"column":3}},"41":{"start":{"line":76,"column":4},"end":{"line":76,"column":29}},"42":{"start":{"line":76,"column":22},"end":{"line":76,"column":29}},"43":{"start":{"line":78,"column":4},"end":{"line":109,"column":5}},"44":{"start":{"line":80,"column":8},"end":{"line":80,"column":86}},"45":{"start":{"line":80,"column":38},"end":{"line":80,"column":86}},"46":{"start":{"line":81,"column":8},"end":{"line":81,"column":28}},"47":{"start":{"line":82,"column":8},"end":{"line":82,"column":14}},"48":{"start":{"line":85,"column":8},"end":{"line":87,"column":9}},"49":{"start":{"line":86,"column":10},"end":{"line":86,"column":66}},"50":{"start":{"line":88,"column":8},"end":{"line":88,"column":86}},"51":{"start":{"line":88,"column":38},"end":{"line":88,"column":86}},"52":{"start":{"line":89,"column":8},"end":{"line":89,"column":28}},"53":{"start":{"line":90,"column":8},"end":{"line":90,"column":31}},"54":{"start":{"line":91,"column":8},"end":{"line":91,"column":14}},"55":{"start":{"line":93,"column":8},"end":{"line":93,"column":27}},"56":{"start":{"line":94,"column":8},"end":{"line":97,"column":34}},"57":{"start":{"line":98,"column":8},"end":{"line":98,"column":37}},"58":{"start":{"line":99,"column":8},"end":{"line":99,"column":14}},"59":{"start":{"line":101,"column":8},"end":{"line":101,"column":27}},"60":{"start":{"line":102,"column":8},"end":{"line":103,"column":78}},"61":{"start":{"line":104,"column":8},"end":{"line":104,"column":37}},"62":{"start":{"line":105,"column":8},"end":{"line":105,"column":14}},"63":{"start":{"line":108,"column":8},"end":{"line":108,"column":14}},"64":{"start":{"line":112,"column":2},"end":{"line":170,"column":4}},"65":{"start":{"line":116,"column":8},"end":{"line":116,"column":27}},"66":{"start":{"line":117,"column":8},"end":{"line":117,"column":28}},"67":{"start":{"line":118,"column":8},"end":{"line":118,"column":86}},"68":{"start":{"line":118,"column":38},"end":{"line":118,"column":86}},"69":{"start":{"line":119,"column":8},"end":{"line":119,"column":49}},"70":{"start":{"line":134,"column":27},"end":{"line":134,"column":45}},"71":{"start":{"line":147,"column":14},"end":{"line":148,"column":null}},"72":{"start":{"line":149,"column":31},"end":{"line":149,"column":64}},"73":{"start":{"line":153,"column":36},"end":{"line":153,"column":61}},"74":{"start":{"line":154,"column":36},"end":{"line":154,"column":54}}},"fnMap":{"0":{"name":"highlighText","decl":{"start":{"line":11,"column":9},"end":{"line":11,"column":21}},"loc":{"start":{"line":11,"column":56},"end":{"line":23,"column":1}}},"1":{"name":"SearchInput","decl":{"start":{"line":25,"column":24},"end":{"line":25,"column":35}},"loc":{"start":{"line":25,"column":59},"end":{"line":171,"column":1}}},"2":{"name":"(anonymous_3)","decl":{"start":{"line":36,"column":12},"end":{"line":36,"column":15}},"loc":{"start":{"line":36,"column":17},"end":{"line":39,"column":3}}},"3":{"name":"(anonymous_4)","decl":{"start":{"line":41,"column":12},"end":{"line":41,"column":15}},"loc":{"start":{"line":41,"column":17},"end":{"line":46,"column":3}}},"4":{"name":"(anonymous_5)","decl":{"start":{"line":48,"column":28},"end":{"line":48,"column":29}},"loc":{"start":{"line":48,"column":71},"end":{"line":52,"column":3}}},"5":{"name":"(anonymous_6)","decl":{"start":{"line":54,"column":32},"end":{"line":54,"column":33}},"loc":{"start":{"line":54,"column":55},"end":{"line":61,"column":3}}},"6":{"name":"(anonymous_7)","decl":{"start":{"line":63,"column":27},"end":{"line":63,"column":30}},"loc":{"start":{"line":63,"column":32},"end":{"line":70,"column":3}}},"7":{"name":"(anonymous_8)","decl":{"start":{"line":73,"column":24},"end":{"line":73,"column":25}},"loc":{"start":{"line":73,"column":69},"end":{"line":110,"column":3}}},"8":{"name":"(anonymous_9)","decl":{"start":{"line":115,"column":16},"end":{"line":115,"column":17}},"loc":{"start":{"line":115,"column":39},"end":{"line":120,"column":7}}},"9":{"name":"(anonymous_10)","decl":{"start":{"line":134,"column":21},"end":{"line":134,"column":24}},"loc":{"start":{"line":134,"column":27},"end":{"line":134,"column":45}}},"10":{"name":"(anonymous_11)","decl":{"start":{"line":146,"column":29},"end":{"line":146,"column":30}},"loc":{"start":{"line":147,"column":14},"end":{"line":148,"column":null}}},"11":{"name":"(anonymous_12)","decl":{"start":{"line":149,"column":25},"end":{"line":149,"column":28}},"loc":{"start":{"line":149,"column":31},"end":{"line":149,"column":64}}},"12":{"name":"(anonymous_13)","decl":{"start":{"line":153,"column":30},"end":{"line":153,"column":33}},"loc":{"start":{"line":153,"column":36},"end":{"line":153,"column":61}}},"13":{"name":"(anonymous_14)","decl":{"start":{"line":154,"column":29},"end":{"line":154,"column":30}},"loc":{"start":{"line":154,"column":36},"end":{"line":154,"column":54}}}},"branchMap":{"0":{"loc":{"start":{"line":13,"column":2},"end":{"line":13,"column":46}},"type":"if","locations":[{"start":{"line":13,"column":2},"end":{"line":13,"column":46}}]},"1":{"loc":{"start":{"line":38,"column":4},"end":{"line":38,"column":30}},"type":"cond-expr","locations":[{"start":{"line":38,"column":21},"end":{"line":38,"column":23}},{"start":{"line":38,"column":21},"end":{"line":38,"column":30}}]},"2":{"loc":{"start":{"line":38,"column":4},"end":{"line":38,"column":23}},"type":"binary-expr","locations":[{"start":{"line":38,"column":4},"end":{"line":38,"column":23}},{"start":{"line":38,"column":21},"end":{"line":38,"column":23}}]},"3":{"loc":{"start":{"line":42,"column":4},"end":{"line":44,"column":5}},"type":"if","locations":[{"start":{"line":42,"column":4},"end":{"line":44,"column":5}}]},"4":{"loc":{"start":{"line":42,"column":8},"end":{"line":42,"column":56}},"type":"binary-expr","locations":[{"start":{"line":42,"column":8},"end":{"line":42,"column":32}},{"start":{"line":42,"column":32},"end":{"line":42,"column":56}}]},"5":{"loc":{"start":{"line":42,"column":9},"end":{"line":42,"column":28}},"type":"cond-expr","locations":[{"start":{"line":42,"column":20},"end":{"line":42,"column":22}},{"start":{"line":42,"column":9},"end":{"line":42,"column":28}}]},"6":{"loc":{"start":{"line":42,"column":9},"end":{"line":42,"column":22}},"type":"binary-expr","locations":[{"start":{"line":42,"column":9},"end":{"line":42,"column":22}},{"start":{"line":42,"column":9},"end":{"line":42,"column":22}}]},"7":{"loc":{"start":{"line":49,"column":4},"end":{"line":49,"column":68}},"type":"if","locations":[{"start":{"line":49,"column":4},"end":{"line":49,"column":68}}]},"8":{"loc":{"start":{"line":55,"column":4},"end":{"line":55,"column":64}},"type":"if","locations":[{"start":{"line":55,"column":4},"end":{"line":55,"column":64}}]},"9":{"loc":{"start":{"line":56,"column":4},"end":{"line":56,"column":82}},"type":"if","locations":[{"start":{"line":56,"column":4},"end":{"line":56,"column":82}}]},"10":{"loc":{"start":{"line":65,"column":4},"end":{"line":65,"column":82}},"type":"if","locations":[{"start":{"line":65,"column":4},"end":{"line":65,"column":82}}]},"11":{"loc":{"start":{"line":66,"column":4},"end":{"line":69,"column":5}},"type":"if","locations":[{"start":{"line":66,"column":4},"end":{"line":69,"column":5}}]},"12":{"loc":{"start":{"line":76,"column":4},"end":{"line":76,"column":29}},"type":"if","locations":[{"start":{"line":76,"column":4},"end":{"line":76,"column":29}}]},"13":{"loc":{"start":{"line":78,"column":4},"end":{"line":109,"column":5}},"type":"switch","locations":[{"start":{"line":79,"column":6},"end":{"line":82,"column":14}},{"start":{"line":83,"column":6},"end":{"line":91,"column":14}},{"start":{"line":92,"column":6},"end":{"line":99,"column":14}},{"start":{"line":100,"column":6},"end":{"line":105,"column":14}},{"start":{"line":107,"column":6},"end":{"line":108,"column":14}}]},"14":{"loc":{"start":{"line":80,"column":8},"end":{"line":80,"column":86}},"type":"if","locations":[{"start":{"line":80,"column":8},"end":{"line":80,"column":86}}]},"15":{"loc":{"start":{"line":85,"column":8},"end":{"line":87,"column":9}},"type":"if","locations":[{"start":{"line":85,"column":8},"end":{"line":87,"column":9}}]},"16":{"loc":{"start":{"line":85,"column":12},"end":{"line":85,"column":58}},"type":"binary-expr","locations":[{"start":{"line":85,"column":12},"end":{"line":85,"column":34}},{"start":{"line":85,"column":38},"end":{"line":85,"column":58}}]},"17":{"loc":{"start":{"line":88,"column":8},"end":{"line":88,"column":86}},"type":"if","locations":[{"start":{"line":88,"column":8},"end":{"line":88,"column":86}}]},"18":{"loc":{"start":{"line":95,"column":10},"end":{"line":97,"column":33}},"type":"cond-expr","locations":[{"start":{"line":96,"column":14},"end":{"line":96,"column":36}},{"start":{"line":97,"column":14},"end":{"line":97,"column":33}}]},"19":{"loc":{"start":{"line":103,"column":10},"end":{"line":103,"column":77}},"type":"cond-expr","locations":[{"start":{"line":103,"column":54},"end":{"line":103,"column":55}},{"start":{"line":103,"column":58},"end":{"line":103,"column":77}}]},"20":{"loc":{"start":{"line":118,"column":8},"end":{"line":118,"column":86}},"type":"if","locations":[{"start":{"line":118,"column":8},"end":{"line":118,"column":86}}]},"21":{"loc":{"start":{"line":119,"column":17},"end":{"line":119,"column":47}},"type":"binary-expr","locations":[{"start":{"line":119,"column":17},"end":{"line":119,"column":41}},{"start":{"line":119,"column":45},"end":{"line":119,"column":47}}]},"22":{"loc":{"start":{"line":119,"column":17},"end":{"line":119,"column":41}},"type":"cond-expr","locations":[{"start":{"line":119,"column":34},"end":{"line":119,"column":36}},{"start":{"line":119,"column":34},"end":{"line":119,"column":41}}]},"23":{"loc":{"start":{"line":119,"column":17},"end":{"line":119,"column":36}},"type":"binary-expr","locations":[{"start":{"line":119,"column":17},"end":{"line":119,"column":36}},{"start":{"line":119,"column":34},"end":{"line":119,"column":36}}]},"24":{"loc":{"start":{"line":130,"column":9},"end":{"line":138,"column":null}},"type":"binary-expr","locations":[{"start":{"line":130,"column":9},"end":{"line":130,"column":26}},{"start":{"line":130,"column":30},"end":{"line":130,"column":65}},{"start":{"line":131,"column":10},"end":{"line":135,"column":null}}]},"25":{"loc":{"start":{"line":140,"column":9},"end":{"line":162,"column":null}},"type":"binary-expr","locations":[{"start":{"line":140,"column":9},"end":{"line":140,"column":20}},{"start":{"line":140,"column":24},"end":{"line":140,"column":46}},{"start":{"line":141,"column":10},"end":{"line":161,"column":null}}]},"26":{"loc":{"start":{"line":151,"column":18},"end":{"line":151,"column":null}},"type":"cond-expr","locations":[{"start":{"line":151,"column":45},"end":{"line":151,"column":58}},{"start":{"line":151,"column":61},"end":{"line":151,"column":null}}]},"27":{"loc":{"start":{"line":158,"column":18},"end":{"line":158,"column":66}},"type":"cond-expr","locations":[{"start":{"line":158,"column":38},"end":{"line":158,"column":61}},{"start":{"line":158,"column":64},"end":{"line":158,"column":66}}]}},"s":{"0":1,"1":1,"2":1,"3":1,"4":1,"5":1,"6":32,"7":32,"8":10,"9":22,"10":22,"11":24,"12":24,"13":24,"14":24,"15":24,"16":24,"17":24,"18":5,"19":24,"20":5,"21":0,"22":24,"23":15,"24":15,"25":15,"26":24,"27":1,"28":1,"29":1,"30":1,"31":1,"32":1,"33":24,"34":1,"35":1,"36":0,"37":1,"38":1,"39":1,"40":24,"41":17,"42":0,"43":17,"44":0,"45":0,"46":0,"47":0,"48":1,"49":1,"50":1,"51":1,"52":1,"53":1,"54":1,"55":0,"56":0,"57":0,"58":0,"59":1,"60":1,"61":1,"62":1,"63":15,"64":24,"65":0,"66":0,"67":0,"68":0,"69":0,"70":1,"71":32,"72":1,"73":0,"74":0},"f":{"0":32,"1":24,"2":5,"3":5,"4":15,"5":1,"6":1,"7":17,"8":0,"9":1,"10":32,"11":1,"12":0,"13":0},"b":{"0":[10],"1":[0,5],"2":[5,5],"3":[0],"4":[5,3],"5":[0,5],"6":[5,5],"7":[15],"8":[1],"9":[1],"10":[0],"11":[1],"12":[0],"13":[0,1,0,1,15],"14":[0],"15":[1],"16":[1,1],"17":[1],"18":[0,0],"19":[0,1],"20":[0],"21":[0,0],"22":[0,0],"23":[0,0],"24":[24,19,18],"25":[24,24,13],"26":[1,31],"27":[27,5]}}
,"C:\\Users\\akita\\Dev\\gov-tech-challenge\\govtech-web-developer-assignment\\src\\features\\search\\components\\SearchResult.tsx": {"path":"C:\\Users\\akita\\Dev\\gov-tech-challenge\\govtech-web-developer-assignment\\src\\features\\search\\components\\SearchResult.tsx","statementMap":{"0":{"start":{"line":38,"column":0},"end":{"line":38,"column":24}},"1":{"start":{"line":2,"column":0},"end":{"line":2,"column":52}},"2":{"start":{"line":14,"column":31},"end":{"line":14,"column":41}},"3":{"start":{"line":15,"column":47},"end":{"line":15,"column":49}},"4":{"start":{"line":17,"column":2},"end":{"line":18,"column":58}},"5":{"start":{"line":18,"column":4},"end":{"line":18,"column":58}},"6":{"start":{"line":20,"column":19},"end":{"line":20,"column":20}},"7":{"start":{"line":21,"column":2},"end":{"line":29,"column":5}},"8":{"start":{"line":22,"column":4},"end":{"line":22,"column":67}},"9":{"start":{"line":23,"column":4},"end":{"line":27,"column":6}},"10":{"start":{"line":28,"column":4},"end":{"line":28,"column":41}},"11":{"start":{"line":31,"column":2},"end":{"line":31,"column":62}},"12":{"start":{"line":39,"column":27},"end":{"line":39,"column":32}},"13":{"start":{"line":40,"column":35},"end":{"line":40,"column":63}},"14":{"start":{"line":42,"column":2},"end":{"line":84,"column":4}},"15":{"start":{"line":54,"column":12},"end":{"line":79,"column":14}}},"fnMap":{"0":{"name":"HighlightedParagraph","decl":{"start":{"line":13,"column":9},"end":{"line":13,"column":29}},"loc":{"start":{"line":13,"column":62},"end":{"line":32,"column":1}}},"1":{"name":"(anonymous_2)","decl":{"start":{"line":21,"column":21},"end":{"line":21,"column":22}},"loc":{"start":{"line":21,"column":42},"end":{"line":29,"column":3}}},"2":{"name":"SearchResult","decl":{"start":{"line":38,"column":24},"end":{"line":38,"column":36}},"loc":{"start":{"line":38,"column":61},"end":{"line":85,"column":1}}},"3":{"name":"(anonymous_4)","decl":{"start":{"line":53,"column":32},"end":{"line":53,"column":33}},"loc":{"start":{"line":53,"column":48},"end":{"line":80,"column":11}}}},"branchMap":{"0":{"loc":{"start":{"line":17,"column":2},"end":{"line":18,"column":58}},"type":"if","locations":[{"start":{"line":17,"column":2},"end":{"line":18,"column":58}}]},"1":{"loc":{"start":{"line":44,"column":7},"end":{"line":44,"column":30}},"type":"binary-expr","locations":[{"start":{"line":44,"column":7},"end":{"line":44,"column":12}},{"start":{"line":44,"column":16},"end":{"line":44,"column":30}}]},"2":{"loc":{"start":{"line":45,"column":7},"end":{"line":45,"column":35}},"type":"binary-expr","locations":[{"start":{"line":45,"column":7},"end":{"line":45,"column":14}},{"start":{"line":45,"column":18},"end":{"line":45,"column":35}}]},"3":{"loc":{"start":{"line":46,"column":7},"end":{"line":46,"column":39}},"type":"binary-expr","locations":[{"start":{"line":46,"column":7},"end":{"line":46,"column":12}},{"start":{"line":46,"column":16},"end":{"line":46,"column":39}}]},"4":{"loc":{"start":{"line":47,"column":7},"end":{"line":81,"column":null}},"type":"binary-expr","locations":[{"start":{"line":47,"column":7},"end":{"line":47,"column":11}},{"start":{"line":47,"column":15},"end":{"line":47,"column":44}},{"start":{"line":48,"column":8},"end":{"line":80,"column":null}}]}},"s":{"0":1,"1":1,"2":20,"3":20,"4":20,"5":4,"6":16,"7":16,"8":36,"9":36,"10":36,"11":16,"12":4,"13":4,"14":4,"15":10},"f":{"0":20,"1":36,"2":4,"3":10},"b":{"0":[4],"1":[4,1],"2":[4,1],"3":[4,3],"4":[4,1,1]}}
,"C:\\Users\\akita\\Dev\\gov-tech-challenge\\govtech-web-developer-assignment\\src\\hooks\\useError.tsx": {"path":"C:\\Users\\akita\\Dev\\gov-tech-challenge\\govtech-web-developer-assignment\\src\\hooks\\useError.tsx","statementMap":{"0":{"start":{"line":1,"column":0},"end":{"line":1,"column":46}},"1":{"start":{"line":3,"column":24},"end":{"line":11,"column":1}},"2":{"start":{"line":4,"column":28},"end":{"line":4,"column":48}},"3":{"start":{"line":6,"column":21},"end":{"line":8,"column":8}},"4":{"start":{"line":7,"column":4},"end":{"line":7,"column":17}},"5":{"start":{"line":10,"column":2},"end":{"line":10,"column":41}},"6":{"start":{"line":3,"column":13},"end":{"line":3,"column":24}}},"fnMap":{"0":{"name":"(anonymous_0)","decl":{"start":{"line":3,"column":24},"end":{"line":3,"column":27}},"loc":{"start":{"line":3,"column":29},"end":{"line":11,"column":1}}},"1":{"name":"(anonymous_1)","decl":{"start":{"line":6,"column":33},"end":{"line":6,"column":36}},"loc":{"start":{"line":6,"column":38},"end":{"line":8,"column":3}}}},"branchMap":{},"s":{"0":3,"1":3,"2":22,"3":22,"4":2,"5":22,"6":3},"f":{"0":22,"1":2},"b":{}}
,"C:\\Users\\akita\\Dev\\gov-tech-challenge\\govtech-web-developer-assignment\\src\\testing\\api.mock.ts": {"path":"C:\\Users\\akita\\Dev\\gov-tech-challenge\\govtech-web-developer-assignment\\src\\testing\\api.mock.ts","statementMap":{"0":{"start":{"line":1,"column":13},"end":{"line":2,"column":142}},"1":{"start":{"line":4,"column":13},"end":{"line":5,"column":143}}},"fnMap":{},"branchMap":{},"s":{"0":2,"1":2},"f":{},"b":{}}
,"C:\\Users\\akita\\Dev\\gov-tech-challenge\\govtech-web-developer-assignment\\src\\testing\\filter.ts": {"path":"C:\\Users\\akita\\Dev\\gov-tech-challenge\\govtech-web-developer-assignment\\src\\testing\\filter.ts","statementMap":{"0":{"start":{"line":3,"column":0},"end":{"line":3,"column":16}},"1":{"start":{"line":10,"column":0},"end":{"line":10,"column":16}},"2":{"start":{"line":7,"column":2},"end":{"line":7,"column":43}},"3":{"start":{"line":14,"column":22},"end":{"line":21,"column":null}},"4":{"start":{"line":16,"column":6},"end":{"line":20,"column":null}},"5":{"start":{"line":24,"column":2},"end":{"line":31,"column":11}}},"fnMap":{"0":{"name":"filterSuggestionList","decl":{"start":{"line":3,"column":16},"end":{"line":3,"column":36}},"loc":{"start":{"line":5,"column":22},"end":{"line":8,"column":1}}},"1":{"name":"filterResultList","decl":{"start":{"line":10,"column":16},"end":{"line":10,"column":32}},"loc":{"start":{"line":12,"column":22},"end":{"line":32,"column":1}}},"2":{"name":"(anonymous_2)","decl":{"start":{"line":15,"column":4},"end":{"line":15,"column":5}},"loc":{"start":{"line":16,"column":6},"end":{"line":20,"column":null}}}},"branchMap":{"0":{"loc":{"start":{"line":16,"column":6},"end":{"line":20,"column":null}},"type":"binary-expr","locations":[{"start":{"line":16,"column":6},"end":{"line":17,"column":null}},{"start":{"line":19,"column":6},"end":{"line":20,"column":null}}]},"1":{"loc":{"start":{"line":24,"column":9},"end":{"line":31,"column":10}},"type":"cond-expr","locations":[{"start":{"line":25,"column":6},"end":{"line":30,"column":null}},{"start":{"line":31,"column":6},"end":{"line":31,"column":10}}]}},"s":{"0":2,"1":2,"2":7,"3":2,"4":4,"5":2},"f":{"0":7,"1":2,"2":4},"b":{"0":[4,0],"1":[2,0]}}
}
