TN:
SF:src\components\Button.tsx
FN:5,Button
FNF:1
FNH:1
FNDA:24,Button
DA:5,1
DA:6,24
LF:2
LH:2
BRF:0
BRH:0
end_of_record
TN:
SF:src\components\Input.tsx
FN:11,Input
FNF:1
FNH:1
FNDA:24,Input
DA:1,1
DA:11,1
DA:12,24
DA:24,1
LF:4
LH:4
BRDA:14,0,0,24
BRDA:14,0,1,0
BRF:2
BRH:1
end_of_record
TN:
SF:src\features\search\api\getSearchResult.ts
FN:38,useSearchFetch
FN:43,(anonymous_10)
FN:50,(anonymous_11)
FN:50,(anonymous_12)
FNF:4
FNH:4
FNDA:7,useSearchFetch
FNDA:3,(anonymous_10)
FNDA:2,(anonymous_11)
FNDA:2,(anonymous_12)
DA:1,1
DA:3,1
DA:4,1
DA:5,1
DA:8,1
DA:10,1
DA:13,5
DA:14,5
DA:16,4
DA:17,2
DA:24,2
DA:25,2
DA:30,1
DA:38,1
DA:39,7
DA:40,7
DA:41,7
DA:43,7
DA:44,3
DA:45,1
DA:46,1
DA:47,1
DA:50,2
DA:51,2
DA:52,2
DA:54,2
DA:55,1
DA:57,1
DA:59,2
DA:61,2
DA:64,7
LF:31
LH:31
BRDA:16,0,0,2
BRDA:44,1,0,1
BRDA:54,2,0,1
BRDA:54,2,1,1
BRF:4
BRH:4
end_of_record
TN:
SF:src\features\search\api\getSuggestions.ts
FN:11,getSuggestions
FN:28,(anonymous_9)
FN:42,useTypeaheadFetch
FN:49,(anonymous_11)
FN:50,(anonymous_12)
FN:54,(anonymous_13)
FN:57,(anonymous_14)
FN:63,(anonymous_15)
FN:63,(anonymous_16)
FNF:9
FNH:8
FNDA:6,getSuggestions
FNDA:7,(anonymous_9)
FNDA:10,useTypeaheadFetch
FNDA:4,(anonymous_11)
FNDA:0,(anonymous_12)
FNDA:4,(anonymous_13)
FNDA:4,(anonymous_14)
FNDA:3,(anonymous_15)
FNDA:3,(anonymous_16)
DA:1,1
DA:3,1
DA:4,1
DA:5,1
DA:9,1
DA:11,1
DA:14,6
DA:15,6
DA:17,4
DA:18,2
DA:25,2
DA:27,2
DA:29,7
DA:34,2
DA:42,1
DA:43,10
DA:45,10
DA:46,10
DA:47,10
DA:49,10
DA:50,4
DA:51,0
DA:54,4
DA:57,10
DA:58,4
DA:59,1
DA:60,1
DA:63,3
DA:64,3
DA:65,3
DA:67,3
DA:68,2
DA:70,1
DA:72,3
DA:74,3
DA:77,10
LF:36
LH:35
BRDA:17,0,0,2
BRDA:58,1,0,1
BRDA:58,2,0,4
BRDA:58,2,1,4
BRDA:67,3,0,2
BRDA:67,3,1,1
BRDA:70,4,0,0
BRDA:70,4,1,1
BRDA:70,5,0,1
BRDA:70,5,1,1
BRF:10
BRH:9
end_of_record
TN:
SF:src\features\search\components\SearchIcon.tsx
FN:1,SearchIcon
FNF:1
FNH:1
FNDA:24,SearchIcon
DA:2,24
DA:20,1
LF:2
LH:2
BRF:0
BRH:0
end_of_record
TN:
SF:src\features\search\components\SearchInput.tsx
FN:11,highlighText
FN:25,SearchInput
FN:36,(anonymous_3)
FN:41,(anonymous_4)
FN:48,(anonymous_5)
FN:54,(anonymous_6)
FN:63,(anonymous_7)
FN:73,(anonymous_8)
FN:115,(anonymous_9)
FN:134,(anonymous_10)
FN:146,(anonymous_11)
FN:149,(anonymous_12)
FN:153,(anonymous_13)
FN:154,(anonymous_14)
FNF:14
FNH:11
FNDA:32,highlighText
FNDA:24,SearchInput
FNDA:5,(anonymous_3)
FNDA:5,(anonymous_4)
FNDA:15,(anonymous_5)
FNDA:1,(anonymous_6)
FNDA:1,(anonymous_7)
FNDA:17,(anonymous_8)
FNDA:0,(anonymous_9)
FNDA:1,(anonymous_10)
FNDA:32,(anonymous_11)
FNDA:1,(anonymous_12)
FNDA:0,(anonymous_13)
FNDA:0,(anonymous_14)
DA:1,1
DA:2,1
DA:3,1
DA:4,1
DA:5,1
DA:12,32
DA:13,32
DA:15,22
DA:16,22
DA:25,1
DA:26,24
DA:28,24
DA:29,24
DA:31,24
DA:33,24
DA:34,24
DA:36,24
DA:38,5
DA:41,24
DA:42,5
DA:43,0
DA:48,24
DA:49,15
DA:51,15
DA:54,24
DA:55,1
DA:56,1
DA:57,1
DA:60,1
DA:63,24
DA:64,1
DA:65,1
DA:66,1
DA:67,1
DA:68,1
DA:73,24
DA:76,17
DA:78,17
DA:80,0
DA:81,0
DA:82,0
DA:85,1
DA:86,1
DA:88,1
DA:89,1
DA:90,1
DA:91,1
DA:93,0
DA:94,0
DA:98,0
DA:99,0
DA:101,1
DA:102,1
DA:104,1
DA:105,1
DA:108,15
DA:112,24
DA:116,0
DA:117,0
DA:118,0
DA:119,0
DA:134,1
DA:147,32
DA:149,1
DA:153,0
DA:154,0
LF:66
LH:52
BRDA:13,0,0,10
BRDA:38,1,0,0
BRDA:38,1,1,5
BRDA:38,2,0,5
BRDA:38,2,1,5
BRDA:42,3,0,0
BRDA:42,4,0,5
BRDA:42,4,1,3
BRDA:42,5,0,0
BRDA:42,5,1,5
BRDA:42,6,0,5
BRDA:42,6,1,5
BRDA:49,7,0,15
BRDA:55,8,0,1
BRDA:56,9,0,1
BRDA:65,10,0,0
BRDA:66,11,0,1
BRDA:76,12,0,0
BRDA:78,13,0,0
BRDA:78,13,1,1
BRDA:78,13,2,0
BRDA:78,13,3,1
BRDA:78,13,4,15
BRDA:80,14,0,0
BRDA:85,15,0,1
BRDA:85,16,0,1
BRDA:85,16,1,1
BRDA:88,17,0,1
BRDA:95,18,0,0
BRDA:95,18,1,0
BRDA:103,19,0,0
BRDA:103,19,1,1
BRDA:118,20,0,0
BRDA:119,21,0,0
BRDA:119,21,1,0
BRDA:119,22,0,0
BRDA:119,22,1,0
BRDA:119,23,0,0
BRDA:119,23,1,0
BRDA:130,24,0,24
BRDA:130,24,1,19
BRDA:130,24,2,18
BRDA:140,25,0,24
BRDA:140,25,1,24
BRDA:140,25,2,13
BRDA:151,26,0,1
BRDA:151,26,1,31
BRDA:158,27,0,27
BRDA:158,27,1,5
BRF:49
BRH:31
end_of_record
TN:
SF:src\features\search\components\SearchResult.tsx
FN:13,HighlightedParagraph
FN:21,(anonymous_2)
FN:38,SearchResult
FN:53,(anonymous_4)
FNF:4
FNH:4
FNDA:20,HighlightedParagraph
FNDA:36,(anonymous_2)
FNDA:4,SearchResult
FNDA:10,(anonymous_4)
DA:2,1
DA:14,20
DA:15,20
DA:17,20
DA:18,4
DA:20,16
DA:21,16
DA:22,36
DA:23,36
DA:28,36
DA:31,16
DA:38,1
DA:39,4
DA:40,4
DA:42,4
DA:54,10
LF:16
LH:16
BRDA:17,0,0,4
BRDA:44,1,0,4
BRDA:44,1,1,1
BRDA:45,2,0,4
BRDA:45,2,1,1
BRDA:46,3,0,4
BRDA:46,3,1,3
BRDA:47,4,0,4
BRDA:47,4,1,1
BRDA:47,4,2,1
BRF:10
BRH:10
end_of_record
TN:
SF:src\hooks\useError.tsx
FN:3,(anonymous_0)
FN:6,(anonymous_1)
FNF:2
FNH:2
FNDA:22,(anonymous_0)
FNDA:2,(anonymous_1)
DA:1,3
DA:3,3
DA:4,22
DA:6,22
DA:7,2
DA:10,22
LF:6
LH:6
BRF:0
BRH:0
end_of_record
TN:
SF:src\testing\api.mock.ts
FNF:0
FNH:0
DA:1,2
DA:4,2
LF:2
LH:2
BRF:0
BRH:0
end_of_record
TN:
SF:src\testing\filter.ts
FN:3,filterSuggestionList
FN:10,filterResultList
FN:15,(anonymous_2)
FNF:3
FNH:3
FNDA:7,filterSuggestionList
FNDA:2,filterResultList
FNDA:4,(anonymous_2)
DA:3,2
DA:7,7
DA:10,2
DA:14,2
DA:16,4
DA:24,2
LF:6
LH:6
BRDA:16,0,0,4
BRDA:16,0,1,0
BRDA:24,1,0,2
BRDA:24,1,1,0
BRF:4
BRH:2
end_of_record
